<?xml version="1.0" encoding="UTF-8"?>
<!-- Generated by org.testng.reporters.JUnitXMLReporter -->
<testsuite hostname="XD-10ISLA-21005" ignored="0" name="Testgroups" tests="6" failures="1" timestamp="2021-05-07T16:29:11 IST" time="25.782" errors="0">
  <testcase name="CypressTest" time="4.975" classname="testngTestCases.GooglePageTest"/>
  <testcase name="JavaTest" time="3.427" classname="testngTestCases.GooglePageTest"/>
  <testcase name="searchTest" time="2.832" classname="testngTestCases.GooglePageTest">
    <skipped/>
  </testcase> <!-- searchTest -->
  <testcase name="searchTest" time="2.829" classname="testngTestCases.GooglePageTest">
    <skipped/>
  </testcase> <!-- searchTest -->
  <testcase name="searchTest" time="2.739" classname="testngTestCases.GooglePageTest">
    <skipped/>
  </testcase> <!-- searchTest -->
  <testcase name="searchTest" time="2.524" classname="testngTestCases.GooglePageTest">
    <failure type="java.lang.AssertionError" message="expected [selenium - Google Search] but found [seleniu - Google Search]">
      <![CDATA[java.lang.AssertionError: expected [selenium - Google Search] but found [seleniu - Google Search]
at testngTestCases.GooglePageTest.searchTest(GooglePageTest.java:46)
at java.util.ArrayList.forEach(ArrayList.java:1259)
... Removed 33 stack frames]]>
    </failure>
  </testcase> <!-- searchTest -->
</testsuite> <!-- Testgroups -->
