<?xml version="1.0" encoding="UTF-8"?>
<!-- Generated by org.testng.reporters.JUnitReportReporter -->
<testsuite skipped="3" hostname="XD-10ISLA-21005" name="testngTestCases.DataParam" tests="4" failures="0" timestamp="2021-05-07T13:27:55 IST" time="4.720" errors="1">
  <testcase name="LoginTest" time="0.000" classname="testngTestCases.DataParam">
    <skipped/>
  </testcase> <!-- LoginTest -->
  <system-out/>
  <testcase name="LoginTest" time="0.000" classname="testngTestCases.DataParam">
    <skipped/>
  </testcase> <!-- LoginTest -->
  <system-out/>
  <testcase name="SetUp" time="4.720" classname="testngTestCases.DataParam">
    <error type="org.openqa.selenium.SessionNotCreatedException" message="session not created: This version of ChromeDriver only supports Chrome version 86
Current browser version is 90.0.4430.93 with binary path C:\Program Files (x86)\Google\Chrome\Application\chrome.exe
Build info: version: &#039;3.141.59&#039;, revision: &#039;e82be7d358&#039;, time: &#039;2018-11-14T08:17:03&#039;
System info: host: &#039;XD-10ISLA-21005&#039;, ip: &#039;10.236.235.155&#039;, os.name: &#039;Windows 10&#039;, os.arch: &#039;amd64&#039;, os.version: &#039;10.0&#039;, java.version: &#039;1.8.0_275&#039;
Driver info: driver.version: ChromeDriver
remote stacktrace: Backtrace:
	Ordinal0 [0x012BC013+3194899]
	Ordinal0 [0x011A6021+2056225]
	Ordinal0 [0x0103F608+587272]
	Ordinal0 [0x00FC1BF3+72691]
	Ordinal0 [0x00FBE229+57897]
	Ordinal0 [0x00FBC64A+50762]
	Ordinal0 [0x00FE1EE9+204521]
	Ordinal0 [0x00FE1D0D+204045]
	Ordinal0 [0x00FDFC1B+195611]
	Ordinal0 [0x00FC3B7F+80767]
	Ordinal0 [0x00FC4B4E+84814]
	Ordinal0 [0x00FC4AD9+84697]
	Ordinal0 [0x011BCE64+2149988]
	GetHandleVerifier [0x0142BE95+1400773]
	GetHandleVerifier [0x0142BB61+1399953]
	GetHandleVerifier [0x014331FA+1430314]
	GetHandleVerifier [0x0142C69F+1402831]
	Ordinal0 [0x011B3D61+2112865]
	Ordinal0 [0x011BE5CB+2155979]
	Ordinal0 [0x011BE6F5+2156277]
	Ordinal0 [0x011CF26E+2224750]
	BaseThreadInitThunk [0x75936359+25]
	RtlGetAppContainerNamedObjectPath [0x77E487A4+228]
	RtlGetAppContainerNamedObjectPath [0x77E48774+180]
">
      <![CDATA[org.openqa.selenium.SessionNotCreatedException: session not created: This version of ChromeDriver only supports Chrome version 86
Current browser version is 90.0.4430.93 with binary path C:\Program Files (x86)\Google\Chrome\Application\chrome.exe
Build info: version: '3.141.59', revision: 'e82be7d358', time: '2018-11-14T08:17:03'
System info: host: 'XD-10ISLA-21005', ip: '10.236.235.155', os.name: 'Windows 10', os.arch: 'amd64', os.version: '10.0', java.version: '1.8.0_275'
Driver info: driver.version: ChromeDriver
remote stacktrace: Backtrace:
Ordinal0 [0x012BC013+3194899]
Ordinal0 [0x011A6021+2056225]
Ordinal0 [0x0103F608+587272]
Ordinal0 [0x00FC1BF3+72691]
Ordinal0 [0x00FBE229+57897]
Ordinal0 [0x00FBC64A+50762]
Ordinal0 [0x00FE1EE9+204521]
Ordinal0 [0x00FE1D0D+204045]
Ordinal0 [0x00FDFC1B+195611]
Ordinal0 [0x00FC3B7F+80767]
Ordinal0 [0x00FC4B4E+84814]
Ordinal0 [0x00FC4AD9+84697]
Ordinal0 [0x011BCE64+2149988]
GetHandleVerifier [0x0142BE95+1400773]
GetHandleVerifier [0x0142BB61+1399953]
GetHandleVerifier [0x014331FA+1430314]
GetHandleVerifier [0x0142C69F+1402831]
Ordinal0 [0x011B3D61+2112865]
Ordinal0 [0x011BE5CB+2155979]
Ordinal0 [0x011BE6F5+2156277]
Ordinal0 [0x011CF26E+2224750]
BaseThreadInitThunk [0x75936359+25]
RtlGetAppContainerNamedObjectPath [0x77E487A4+228]
RtlGetAppContainerNamedObjectPath [0x77E48774+180]

at sun.reflect.NativeConstructorAccessorImpl.newInstance0(Native Method)
at sun.reflect.NativeConstructorAccessorImpl.newInstance(NativeConstructorAccessorImpl.java:62)
at sun.reflect.DelegatingConstructorAccessorImpl.newInstance(DelegatingConstructorAccessorImpl.java:45)
at java.lang.reflect.Constructor.newInstance(Constructor.java:423)
at org.openqa.selenium.remote.W3CHandshakeResponse.lambda$errorHandler$0(W3CHandshakeResponse.java:62)
at org.openqa.selenium.remote.HandshakeResponse.lambda$getResponseFunction$0(HandshakeResponse.java:30)
at org.openqa.selenium.remote.ProtocolHandshake.lambda$createSession$0(ProtocolHandshake.java:126)
at java.util.stream.ReferencePipeline$3$1.accept(ReferencePipeline.java:193)
at java.util.Spliterators$ArraySpliterator.tryAdvance(Spliterators.java:958)
at java.util.stream.ReferencePipeline.forEachWithCancel(ReferencePipeline.java:126)
at java.util.stream.AbstractPipeline.copyIntoWithCancel(AbstractPipeline.java:499)
at java.util.stream.AbstractPipeline.copyInto(AbstractPipeline.java:486)
at java.util.stream.AbstractPipeline.wrapAndCopyInto(AbstractPipeline.java:472)
at java.util.stream.FindOps$FindOp.evaluateSequential(FindOps.java:152)
at java.util.stream.AbstractPipeline.evaluate(AbstractPipeline.java:234)
at java.util.stream.ReferencePipeline.findFirst(ReferencePipeline.java:531)
at org.openqa.selenium.remote.ProtocolHandshake.createSession(ProtocolHandshake.java:128)
at org.openqa.selenium.remote.ProtocolHandshake.createSession(ProtocolHandshake.java:74)
at org.openqa.selenium.remote.HttpCommandExecutor.execute(HttpCommandExecutor.java:136)
at org.openqa.selenium.remote.service.DriverCommandExecutor.execute(DriverCommandExecutor.java:83)
at org.openqa.selenium.remote.RemoteWebDriver.execute(RemoteWebDriver.java:552)
at org.openqa.selenium.remote.RemoteWebDriver.startSession(RemoteWebDriver.java:213)
at org.openqa.selenium.remote.RemoteWebDriver.<init>(RemoteWebDriver.java:131)
at org.openqa.selenium.chrome.ChromeDriver.<init>(ChromeDriver.java:181)
at org.openqa.selenium.chrome.ChromeDriver.<init>(ChromeDriver.java:168)
at org.openqa.selenium.chrome.ChromeDriver.<init>(ChromeDriver.java:123)
at testngTestCases.DataParam.SetUp(DataParam.java:36)
at sun.reflect.NativeMethodAccessorImpl.invoke0(Native Method)
at sun.reflect.NativeMethodAccessorImpl.invoke(NativeMethodAccessorImpl.java:62)
at sun.reflect.DelegatingMethodAccessorImpl.invoke(DelegatingMethodAccessorImpl.java:43)
at java.lang.reflect.Method.invoke(Method.java:498)
at org.testng.internal.MethodInvocationHelper.invokeMethod(MethodInvocationHelper.java:133)
at org.testng.internal.MethodInvocationHelper.invokeMethodConsideringTimeout(MethodInvocationHelper.java:62)
at org.testng.internal.ConfigInvoker.invokeConfigurationMethod(ConfigInvoker.java:385)
at org.testng.internal.ConfigInvoker.invokeConfigurations(ConfigInvoker.java:321)
at org.testng.TestRunner.invokeTestConfigurations(TestRunner.java:637)
at org.testng.TestRunner.beforeRun(TestRunner.java:627)
at org.testng.TestRunner.run(TestRunner.java:589)
at org.testng.SuiteRunner.runTest(SuiteRunner.java:377)
at org.testng.SuiteRunner.runSequentially(SuiteRunner.java:371)
at org.testng.SuiteRunner.privateRun(SuiteRunner.java:332)
at org.testng.SuiteRunner.run(SuiteRunner.java:276)
at org.testng.SuiteRunnerWorker.runSuite(SuiteRunnerWorker.java:53)
at org.testng.SuiteRunnerWorker.run(SuiteRunnerWorker.java:96)
at org.testng.TestNG.runSuitesSequentially(TestNG.java:1212)
at org.testng.TestNG.runSuitesLocally(TestNG.java:1134)
at org.testng.TestNG.runSuites(TestNG.java:1063)
at org.testng.TestNG.run(TestNG.java:1031)
at org.testng.remote.AbstractRemoteTestNG.run(AbstractRemoteTestNG.java:115)
at org.testng.remote.RemoteTestNG.initAndRun(RemoteTestNG.java:251)
at org.testng.remote.RemoteTestNG.main(RemoteTestNG.java:77)
]]>
    </error>
  </testcase> <!-- SetUp -->
  <system-out/>
  <testcase name="LoginTest" time="0.000" classname="testngTestCases.DataParam">
    <skipped/>
  </testcase> <!-- LoginTest -->
  <system-out/>
</testsuite> <!-- testngTestCases.DataParam -->
